<?xml version="1.0" encoding="UTF-8"?>
<testsuite name="Day2Test" tests="1" skipped="0" failures="0" errors="0" timestamp="2022-12-02T07:56:27" hostname="mpro" time="0.02">
  <properties/>
  <testcase name="testP1()" classname="Day2Test" time="0.02"/>
  <system-out><![CDATA[]]></system-out>
  <system-err><![CDATA[]]></system-err>
</testsuite>
