<?xml version="1.0" encoding="UTF-8"?>
<testsuite name="Day18Test" tests="1" skipped="0" failures="0" errors="0" timestamp="2021-12-20T22:30:21" hostname="mpro" time="0.091">
  <properties/>
  <testcase name="p2test()" classname="Day18Test" time="0.091"/>
  <system-out><![CDATA[]]></system-out>
  <system-err><![CDATA[]]></system-err>
</testsuite>
